<?xml version="1.0" encoding="UTF-8"?>
<!-- Generated by org.testng.reporters.JUnitReportReporter -->
<testsuite skipped="8" hostname="BNGWIP-L-98501" name="com.pack.common.tests_eBooks.TextFieldControl" tests="9" failures="0" timestamp="10 Jul 2018 09:30:27 GMT" time="30.018" errors="1">
  <testcase name="TC_001_TextFieldControlMaxLimit_Wellbore" time="30.018" classname="com.pack.common.tests_eBooks.TextFieldControl">
    <error type="org.openqa.selenium.NoSuchElementException" message="Unable to find element with css selector == #MenuInternaln0 &gt; table &gt; tbody &gt; tr &gt; td &gt; a
For documentation on this error, please visit: http://seleniumhq.org/exceptions/no_such_element.html
Build info: version: &#039;3.8.1&#039;, revision: &#039;6e95a6684b&#039;, time: &#039;2017-12-01T19:05:32.194Z&#039;
System info: host: &#039;BNGWIP-L-98501&#039;, ip: &#039;145.30.136.177&#039;, os.name: &#039;Windows 7&#039;, os.arch: &#039;amd64&#039;, os.version: &#039;6.1&#039;, java.version: &#039;1.8.0_162&#039;
Driver info: org.openqa.selenium.ie.InternetExplorerDriver
Capabilities {acceptInsecureCerts: false, browserName: internet explorer, browserVersion: 11, javascriptEnabled: true, pageLoadStrategy: normal, platform: WINDOWS, platformName: WINDOWS, proxy: Proxy(), se:ieOptions: {browserAttachTimeout: 0, elementScrollBehavior: 0, enablePersistentHover: false, ie.browserCommandLineSwitches: , ie.ensureCleanSession: false, ie.fileUploadDialogTimeout: 3000, ie.forceCreateProcessApi: false, ignoreProtectedModeSettings: true, ignoreZoomSetting: false, initialBrowserUrl: http://localhost:6963/, nativeEvents: true, requireWindowFocus: true}, setWindowRect: true, timeouts: {implicit: 0, pageLoad: 300000, script: 30000}}
Session ID: 0213a057-98f8-4e44-8960-d635219ec42f
*** Element info: {Using=css selector, value=#MenuInternaln0 &gt; table &gt; tbody &gt; tr &gt; td &gt; a}">
      <![CDATA[org.openqa.selenium.NoSuchElementException: Unable to find element with css selector == #MenuInternaln0 > table > tbody > tr > td > a
For documentation on this error, please visit: http://seleniumhq.org/exceptions/no_such_element.html
Build info: version: '3.8.1', revision: '6e95a6684b', time: '2017-12-01T19:05:32.194Z'
System info: host: 'BNGWIP-L-98501', ip: '145.30.136.177', os.name: 'Windows 7', os.arch: 'amd64', os.version: '6.1', java.version: '1.8.0_162'
Driver info: org.openqa.selenium.ie.InternetExplorerDriver
Capabilities {acceptInsecureCerts: false, browserName: internet explorer, browserVersion: 11, javascriptEnabled: true, pageLoadStrategy: normal, platform: WINDOWS, platformName: WINDOWS, proxy: Proxy(), se:ieOptions: {browserAttachTimeout: 0, elementScrollBehavior: 0, enablePersistentHover: false, ie.browserCommandLineSwitches: , ie.ensureCleanSession: false, ie.fileUploadDialogTimeout: 3000, ie.forceCreateProcessApi: false, ignoreProtectedModeSettings: true, ignoreZoomSetting: false, initialBrowserUrl: http://localhost:6963/, nativeEvents: true, requireWindowFocus: true}, setWindowRect: true, timeouts: {implicit: 0, pageLoad: 300000, script: 30000}}
Session ID: 0213a057-98f8-4e44-8960-d635219ec42f
*** Element info: {Using=css selector, value=#MenuInternaln0 > table > tbody > tr > td > a}
at sun.reflect.NativeConstructorAccessorImpl.newInstance0(Native Method)
at sun.reflect.NativeConstructorAccessorImpl.newInstance(Unknown Source)
at sun.reflect.DelegatingConstructorAccessorImpl.newInstance(Unknown Source)
at java.lang.reflect.Constructor.newInstance(Unknown Source)
at org.openqa.selenium.remote.http.W3CHttpResponseCodec.createException(W3CHttpResponseCodec.java:187)
at org.openqa.selenium.remote.http.W3CHttpResponseCodec.decode(W3CHttpResponseCodec.java:122)
at org.openqa.selenium.remote.http.W3CHttpResponseCodec.decode(W3CHttpResponseCodec.java:49)
at org.openqa.selenium.remote.HttpCommandExecutor.execute(HttpCommandExecutor.java:164)
at org.openqa.selenium.remote.service.DriverCommandExecutor.execute(DriverCommandExecutor.java:83)
at org.openqa.selenium.remote.RemoteWebDriver.execute(RemoteWebDriver.java:601)
at org.openqa.selenium.remote.RemoteWebDriver.findElement(RemoteWebDriver.java:371)
at org.openqa.selenium.remote.RemoteWebDriver.findElementByCssSelector(RemoteWebDriver.java:465)
at org.openqa.selenium.By$ByCssSelector.findElement(By.java:430)
at org.openqa.selenium.remote.RemoteWebDriver.findElement(RemoteWebDriver.java:363)
at com.pack.common.pageobjects_eBooks.homePage.clickon_eBooks(homePage.java:131)
at com.pack.common.tests_eBooks.TextFieldControl.TC_001_TextFieldControlMaxLimit_Wellbore(TextFieldControl.java:42)
at sun.reflect.NativeMethodAccessorImpl.invoke0(Native Method)
at sun.reflect.NativeMethodAccessorImpl.invoke(Unknown Source)
at sun.reflect.DelegatingMethodAccessorImpl.invoke(Unknown Source)
at java.lang.reflect.Method.invoke(Unknown Source)
at org.testng.internal.MethodInvocationHelper.invokeMethod(MethodInvocationHelper.java:124)
at org.testng.internal.Invoker.invokeMethod(Invoker.java:580)
at org.testng.internal.Invoker.invokeTestMethod(Invoker.java:716)
at org.testng.internal.Invoker.invokeTestMethods(Invoker.java:988)
at org.testng.internal.TestMethodWorker.invokeTestMethods(TestMethodWorker.java:125)
at org.testng.internal.TestMethodWorker.run(TestMethodWorker.java:109)
at org.testng.TestRunner.privateRun(TestRunner.java:648)
at org.testng.TestRunner.run(TestRunner.java:505)
at org.testng.SuiteRunner.runTest(SuiteRunner.java:455)
at org.testng.SuiteRunner.runSequentially(SuiteRunner.java:450)
at org.testng.SuiteRunner.privateRun(SuiteRunner.java:415)
at org.testng.SuiteRunner.run(SuiteRunner.java:364)
at org.testng.SuiteRunnerWorker.runSuite(SuiteRunnerWorker.java:52)
at org.testng.SuiteRunnerWorker.run(SuiteRunnerWorker.java:84)
at org.testng.TestNG.runSuitesSequentially(TestNG.java:1208)
at org.testng.TestNG.runSuitesLocally(TestNG.java:1137)
at org.testng.TestNG.runSuites(TestNG.java:1049)
at org.testng.TestNG.run(TestNG.java:1017)
at org.testng.remote.AbstractRemoteTestNG.run(AbstractRemoteTestNG.java:114)
at org.testng.remote.RemoteTestNG.initAndRun(RemoteTestNG.java:251)
at org.testng.remote.RemoteTestNG.main(RemoteTestNG.java:77)
]]>
    </error>
  </testcase> <!-- TC_001_TextFieldControlMaxLimit_Wellbore -->
  <testcase name="TC_008_TextField_SaveTextFieldContent_Wellbore" classname="com.pack.common.tests_eBooks.TextFieldControl">
    <skipped/>
  </testcase> <!-- TC_008_TextField_SaveTextFieldContent_Wellbore -->
  <testcase name="TC_004_TextFieldUnderlineStyle_Wellbore" classname="com.pack.common.tests_eBooks.TextFieldControl">
    <skipped/>
  </testcase> <!-- TC_004_TextFieldUnderlineStyle_Wellbore -->
  <testcase name="TC_009_TextFieldControlMaxLimit_well" classname="com.pack.common.tests_eBooks.TextFieldControl">
    <skipped/>
  </testcase> <!-- TC_009_TextFieldControlMaxLimit_well -->
  <testcase name="TC_002_TextFieldBoldStyle_Wellbore" classname="com.pack.common.tests_eBooks.TextFieldControl">
    <skipped/>
  </testcase> <!-- TC_002_TextFieldBoldStyle_Wellbore -->
  <testcase name="TC_003_TextFieldItalicStyle_Wellbore" classname="com.pack.common.tests_eBooks.TextFieldControl">
    <skipped/>
  </testcase> <!-- TC_003_TextFieldItalicStyle_Wellbore -->
  <testcase name="TC_007_TextField_ExceedCharacterLimit_Wellbore" classname="com.pack.common.tests_eBooks.TextFieldControl">
    <skipped/>
  </testcase> <!-- TC_007_TextField_ExceedCharacterLimit_Wellbore -->
  <testcase name="TC_006_TextField_Fontsize_Wellbore" classname="com.pack.common.tests_eBooks.TextFieldControl">
    <skipped/>
  </testcase> <!-- TC_006_TextField_Fontsize_Wellbore -->
  <testcase name="TC_005_TextFieldJustifyCenterStyle_Wellbore" classname="com.pack.common.tests_eBooks.TextFieldControl">
    <skipped/>
  </testcase> <!-- TC_005_TextFieldJustifyCenterStyle_Wellbore -->
</testsuite> <!-- com.pack.common.tests_eBooks.TextFieldControl -->
