<?xml version="1.0" encoding="UTF-8"?>
<!-- Generated by org.testng.reporters.JUnitReportReporter -->
<testsuite skipped="4" hostname="BNGWIP-L-98501" name="com.pack.common.tests_eBooks.AWRimprovements" tests="5" failures="0" timestamp="11 Jun 2018 10:07:47 GMT" time="41.879" errors="1">
  <testcase name="TC_001_VerifyTheOrderofComponentsAdded_wellbore" time="41.879" classname="com.pack.common.tests_eBooks.AWRimprovements">
    <error type="org.openqa.selenium.UnhandledAlertException" message="Modal dialog present with text: : 
Build info: version: &#039;3.8.1&#039;, revision: &#039;6e95a6684b&#039;, time: &#039;2017-12-01T19:05:32.194Z&#039;
System info: host: &#039;BNGWIP-L-98501&#039;, ip: &#039;145.30.136.213&#039;, os.name: &#039;Windows 7&#039;, os.arch: &#039;amd64&#039;, os.version: &#039;6.1&#039;, java.version: &#039;1.8.0_162&#039;
Driver info: org.openqa.selenium.ie.InternetExplorerDriver
Capabilities {acceptInsecureCerts: false, browserName: internet explorer, browserVersion: 11, javascriptEnabled: true, pageLoadStrategy: normal, platform: WINDOWS, platformName: WINDOWS, proxy: Proxy(), se:ieOptions: {browserAttachTimeout: 0, elementScrollBehavior: 0, enablePersistentHover: true, ie.browserCommandLineSwitches: , ie.ensureCleanSession: false, ie.fileUploadDialogTimeout: 3000, ie.forceCreateProcessApi: false, ignoreProtectedModeSettings: false, ignoreZoomSetting: false, initialBrowserUrl: http://localhost:30419/, nativeEvents: true, requireWindowFocus: false}, setWindowRect: true, timeouts: {implicit: 0, pageLoad: 300000, script: 30000}}
Session ID: b51dbb9b-63bd-4527-91e1-60aca7626a84
*** Element info: {Using=name, value=ctl00_ctl00_BodyContent_radPaneRight}">
      <![CDATA[org.openqa.selenium.UnhandledAlertException: Modal dialog present with text: : 
Build info: version: '3.8.1', revision: '6e95a6684b', time: '2017-12-01T19:05:32.194Z'
System info: host: 'BNGWIP-L-98501', ip: '145.30.136.213', os.name: 'Windows 7', os.arch: 'amd64', os.version: '6.1', java.version: '1.8.0_162'
Driver info: org.openqa.selenium.ie.InternetExplorerDriver
Capabilities {acceptInsecureCerts: false, browserName: internet explorer, browserVersion: 11, javascriptEnabled: true, pageLoadStrategy: normal, platform: WINDOWS, platformName: WINDOWS, proxy: Proxy(), se:ieOptions: {browserAttachTimeout: 0, elementScrollBehavior: 0, enablePersistentHover: true, ie.browserCommandLineSwitches: , ie.ensureCleanSession: false, ie.fileUploadDialogTimeout: 3000, ie.forceCreateProcessApi: false, ignoreProtectedModeSettings: false, ignoreZoomSetting: false, initialBrowserUrl: http://localhost:30419/, nativeEvents: true, requireWindowFocus: false}, setWindowRect: true, timeouts: {implicit: 0, pageLoad: 300000, script: 30000}}
Session ID: b51dbb9b-63bd-4527-91e1-60aca7626a84
*** Element info: {Using=name, value=ctl00_ctl00_BodyContent_radPaneRight}
at org.openqa.selenium.remote.http.W3CHttpResponseCodec.decode(W3CHttpResponseCodec.java:120)
at org.openqa.selenium.remote.http.W3CHttpResponseCodec.decode(W3CHttpResponseCodec.java:49)
at org.openqa.selenium.remote.HttpCommandExecutor.execute(HttpCommandExecutor.java:164)
at org.openqa.selenium.remote.service.DriverCommandExecutor.execute(DriverCommandExecutor.java:83)
at org.openqa.selenium.remote.RemoteWebDriver.execute(RemoteWebDriver.java:601)
at org.openqa.selenium.remote.RemoteWebDriver.findElement(RemoteWebDriver.java:371)
at org.openqa.selenium.remote.RemoteWebDriver.findElementByName(RemoteWebDriver.java:449)
at org.openqa.selenium.By$ByName.findElement(By.java:303)
at org.openqa.selenium.remote.RemoteWebDriver.findElement(RemoteWebDriver.java:363)
at org.openqa.selenium.support.pagefactory.DefaultElementLocator.findElement(DefaultElementLocator.java:69)
at org.openqa.selenium.support.pagefactory.AjaxElementLocator.access$001(AjaxElementLocator.java:41)
at org.openqa.selenium.support.pagefactory.AjaxElementLocator$SlowLoadingElement.isLoaded(AjaxElementLocator.java:157)
at org.openqa.selenium.support.ui.SlowLoadableComponent.get(SlowLoadableComponent.java:58)
at org.openqa.selenium.support.pagefactory.AjaxElementLocator.findElement(AjaxElementLocator.java:87)
at org.openqa.selenium.support.pagefactory.internal.LocatingElementHandler.invoke(LocatingElementHandler.java:38)
at com.sun.proxy.$Proxy9.getWrappedElement(Unknown Source)
at org.openqa.selenium.remote.internal.WebElementToJsonConverter.apply(WebElementToJsonConverter.java:51)
at org.openqa.selenium.remote.RemoteWebDriver$RemoteTargetLocator.frame(RemoteWebDriver.java:946)
at com.pack.base.BaseMethods.switchtoFrame(BaseMethods.java:193)
at com.pack.common.pageobjects_eBooks.MaintainMasterPage.select_MasterPage(MaintainMasterPage.java:72)
at com.pack.common.tests_eBooks.AWRimprovements.EditMasterPage_multiplecomponent(AWRimprovements.java:53)
at com.pack.common.tests_eBooks.AWRimprovements.TC_001_VerifyTheOrderofComponentsAdded_wellbore(AWRimprovements.java:69)
at sun.reflect.NativeMethodAccessorImpl.invoke0(Native Method)
at sun.reflect.NativeMethodAccessorImpl.invoke(Unknown Source)
at sun.reflect.DelegatingMethodAccessorImpl.invoke(Unknown Source)
at java.lang.reflect.Method.invoke(Unknown Source)
at org.testng.internal.MethodInvocationHelper.invokeMethod(MethodInvocationHelper.java:124)
at org.testng.internal.Invoker.invokeMethod(Invoker.java:580)
at org.testng.internal.Invoker.invokeTestMethod(Invoker.java:716)
at org.testng.internal.Invoker.invokeTestMethods(Invoker.java:988)
at org.testng.internal.TestMethodWorker.invokeTestMethods(TestMethodWorker.java:125)
at org.testng.internal.TestMethodWorker.run(TestMethodWorker.java:109)
at org.testng.TestRunner.privateRun(TestRunner.java:648)
at org.testng.TestRunner.run(TestRunner.java:505)
at org.testng.SuiteRunner.runTest(SuiteRunner.java:455)
at org.testng.SuiteRunner.runSequentially(SuiteRunner.java:450)
at org.testng.SuiteRunner.privateRun(SuiteRunner.java:415)
at org.testng.SuiteRunner.run(SuiteRunner.java:364)
at org.testng.SuiteRunnerWorker.runSuite(SuiteRunnerWorker.java:52)
at org.testng.SuiteRunnerWorker.run(SuiteRunnerWorker.java:84)
at org.testng.TestNG.runSuitesSequentially(TestNG.java:1208)
at org.testng.TestNG.runSuitesLocally(TestNG.java:1137)
at org.testng.TestNG.runSuites(TestNG.java:1049)
at org.testng.TestNG.run(TestNG.java:1017)
at org.testng.remote.AbstractRemoteTestNG.run(AbstractRemoteTestNG.java:114)
at org.testng.remote.RemoteTestNG.initAndRun(RemoteTestNG.java:251)
at org.testng.remote.RemoteTestNG.main(RemoteTestNG.java:77)
]]>
    </error>
  </testcase> <!-- TC_001_VerifyTheOrderofComponentsAdded_wellbore -->
  <testcase name="TC_004_VerifytheBookViewerPagewhencomponentaddedtoexistinginMasterPage_wellbore" classname="com.pack.common.tests_eBooks.AWRimprovements">
    <skipped/>
  </testcase> <!-- TC_004_VerifytheBookViewerPagewhencomponentaddedtoexistinginMasterPage_wellbore -->
  <testcase name="TC_002_VerifytheBookViewerPagewhencomponentaddedinMasterPageisArranged_wellbore" classname="com.pack.common.tests_eBooks.AWRimprovements">
    <skipped/>
  </testcase> <!-- TC_002_VerifytheBookViewerPagewhencomponentaddedinMasterPageisArranged_wellbore -->
  <testcase name="TC_005_VerifytheBookViewerPagewhencomponentaddedDeletedinMasterPage_wellbore" classname="com.pack.common.tests_eBooks.AWRimprovements">
    <skipped/>
  </testcase> <!-- TC_005_VerifytheBookViewerPagewhencomponentaddedDeletedinMasterPage_wellbore -->
  <testcase name="TC_003_VerifytheBookViewerPagewhencomponentaddedinMasterPageareOverridden_wellbore" classname="com.pack.common.tests_eBooks.AWRimprovements">
    <skipped/>
  </testcase> <!-- TC_003_VerifytheBookViewerPagewhencomponentaddedinMasterPageareOverridden_wellbore -->
</testsuite> <!-- com.pack.common.tests_eBooks.AWRimprovements -->
